d:\program files\helios\helios-main\helios.dir\release\ladlut.obj
d:\program files\helios\helios-main\helios.dir\release\directions.obj
d:\program files\helios\helios-main\helios.dir\release\helios_version.obj
d:\program files\helios\helios-main\helios.dir\release\xyzpointcloudfileloader.obj
d:\program files\helios\helios-main\helios.dir\release\wavefrontobjfileloader.obj
d:\program files\helios\helios-main\helios.dir\release\translatefilter.obj
d:\program files\helios\helios-main\helios.dir\release\scalefilter.obj
d:\program files\helios\helios-main\helios.dir\release\rotatefilter.obj
d:\program files\helios\helios-main\helios.dir\release\geotifffileloader.obj
d:\program files\helios\helios-main\helios.dir\release\detailedvoxelloader.obj
d:\program files\helios\helios-main\helios.dir\release\abstractgeometryfilter.obj
d:\program files\helios\helios-main\helios.dir\release\xmlassetsloader.obj
d:\program files\helios\helios-main\helios.dir\release\voxelfileparser.obj
d:\program files\helios\helios-main\helios.dir\release\spectrallibrary.obj
d:\program files\helios\helios-main\helios.dir\release\scenepart.obj
d:\program files\helios\helios-main\helios.dir\release\sceneloadingspecification.obj
d:\program files\helios\helios-main\helios.dir\release\materialsfilereader.obj
d:\program files\helios\helios-main\helios.dir\release\ladlutloader.obj
d:\program files\helios\helios-main\helios.dir\release\asset.obj
d:\program files\helios\helios-main\helios.dir\release\lidarsim.obj
d:\program files\helios\helios-main\helios.dir\release\fiberarraybeamdeflector.obj
d:\program files\helios\helios-main\helios.dir\release\conicbeamdeflector.obj
d:\program files\helios\helios-main\helios.dir\release\abstractbeamdeflector.obj
d:\program files\helios\helios-main\helios.dir\release\scannerhead.obj
d:\program files\helios\helios-main\helios.dir\release\scanner.obj
d:\program files\helios\helios-main\helios.dir\release\fwfsettings.obj
d:\program files\helios\helios-main\helios.dir\release\pyheliossimulation.obj
d:\program files\helios\helios-main\helios.dir\release\pyhelios.obj
d:\program files\helios\helios-main\helios.dir\release\simplephysicsplatform.obj
d:\program files\helios\helios-main\helios.dir\release\platformsettings.obj
d:\program files\helios\helios-main\helios.dir\release\platform.obj
d:\program files\helios\helios-main\helios.dir\release\movingplatform.obj
d:\program files\helios\helios-main\helios.dir\release\linearpathplatform.obj
d:\program files\helios\helios-main\helios.dir\release\helicopterplatform.obj
d:\program files\helios\helios-main\helios.dir\release\groundvehicleplatform.obj
d:\program files\helios\helios-main\helios.dir\release\randomnessgenerator.obj
d:\program files\helios\helios-main\helios.dir\release\vectorial.obj
d:\program files\helios\helios-main\helios.dir\release\rotationorder.obj
d:\program files\helios\helios-main\helios.dir\release\rotation.obj
d:\program files\helios\helios-main\helios.dir\release\rayutils.obj
d:\program files\helios\helios-main\helios.dir\release\triangle.obj
d:\program files\helios\helios-main\helios.dir\release\primitive.obj
d:\program files\helios\helios-main\helios.dir\release\detailedvoxel.obj
d:\program files\helios\helios-main\helios.dir\release\aabb.obj
d:\program files\helios\helios-main\helios.dir\release\scene.obj
d:\program files\helios\helios-main\helios.dir\release\raysceneintersection.obj
d:\program files\helios\helios-main\helios.dir\release\material.obj
d:\program files\helios\helios-main\helios.dir\release\kdtreeraycaster.obj
d:\program files\helios\helios-main\helios.dir\release\kdtreenoderoot.obj
d:\program files\helios\helios-main\helios.dir\release\kdtreenode.obj
d:\program files\helios\helios-main\helios.dir\release\intersectionhandlingresult.obj
d:\program files\helios\helios-main\helios.dir\release\measurementsbuffer.obj
d:\program files\helios\helios-main\helios.dir\release\marquardtfitter.obj
d:\program files\helios\helios-main\helios.dir\release\fullwaveformpulserunnable.obj
d:\program files\helios\helios-main\helios.dir\release\fullwaveformpulsedetector.obj
d:\program files\helios\helios-main\helios.dir\release\abstractpulserunnable.obj
d:\program files\helios\helios-main\helios.dir\release\abstractdetector.obj
d:\program files\helios\helios-main\helios.dir\release\risleybeamdeflector.obj
d:\program files\helios\helios-main\helios.dir\release\polygonmirrorbeamdeflector.obj
d:\program files\helios\helios-main\helios.dir\release\oscillatingmirrorbeamdeflector.obj
d:\program files\helios\helios-main\helios.dir\release\tinyxml2.obj
d:\program files\helios\helios-main\helios.dir\release\timewatcher.obj
d:\program files\helios\helios-main\helios.dir\release\serialio.obj
d:\program files\helios\helios-main\helios.dir\release\printutils.obj
d:\program files\helios\helios-main\helios.dir\release\fileutils.obj
d:\program files\helios\helios-main\helios.dir\release\argumentsparser.obj
d:\program files\helios\helios-main\helios.dir\release\tests.obj
d:\program files\helios\helios-main\helios.dir\release\xmlsurveyloader.obj
d:\program files\helios\helios-main\helios.dir\release\surveyplayback.obj
d:\program files\helios\helios-main\helios.dir\release\survey.obj
d:\program files\helios\helios-main\helios.dir\release\simulation.obj
d:\program files\helios\helios-main\helios.dir\release\leg.obj
d:\program files\helios\helios-main\helios.dir\release\voxel.obj
d:\program files\helios\helios-main\helios.dir\release\vertex.obj
d:\program files\helios\helios-main\cmakefiles\generate.stamp
d:\program files\helios\helios-main\release\helios.lib
d:\program files\helios\helios-main\release\helios.exp
d:\program files\helios\helios-main\release\helios.exe
d:\program files\helios\helios-main\helios.dir\release\appicon.res
d:\program files\helios\helios-main\helios.dir\release\helios.tlog\cl.command.1.tlog
d:\program files\helios\helios-main\helios.dir\release\helios.tlog\cl.read.1.tlog
d:\program files\helios\helios-main\helios.dir\release\helios.tlog\cl.write.1.tlog
d:\program files\helios\helios-main\helios.dir\release\helios.tlog\custombuild.command.1.tlog
d:\program files\helios\helios-main\helios.dir\release\helios.tlog\custombuild.read.1.tlog
d:\program files\helios\helios-main\helios.dir\release\helios.tlog\custombuild.write.1.tlog
d:\program files\helios\helios-main\helios.dir\release\helios.tlog\helios.write.1u.tlog
d:\program files\helios\helios-main\helios.dir\release\helios.tlog\link.command.1.tlog
d:\program files\helios\helios-main\helios.dir\release\helios.tlog\link.read.1.tlog
d:\program files\helios\helios-main\helios.dir\release\helios.tlog\link.write.1.tlog
d:\program files\helios\helios-main\helios.dir\release\helios.tlog\rc.command.1.tlog
d:\program files\helios\helios-main\helios.dir\release\helios.tlog\rc.read.1.tlog
d:\program files\helios\helios-main\helios.dir\release\helios.tlog\rc.write.1.tlog
